<?xml version="1.0" encoding="UTF-8"?>
<testsuite xmlns:xsi="http://www.w3.org/2001/XMLSchema-instance" xsi:noNamespaceSchemaLocation="https://maven.apache.org/surefire/maven-surefire-plugin/xsd/surefire-test-report-3.0.xsd" version="3.0" name="com.test.Livros.Teste_AcessoLivros" time="0.138" tests="1" errors="0" skipped="0" failures="0">
  <properties>
[...]
</properties>
  <testcase name="teste_acharPDFs" classname="com.test.Livros.Teste_AcessoLivros" time="0.083">
    <system-out><![CDATA[Há um total de: 0 Livros
]]></system-out>
  </testcase>
</testsuite>