<?xml version="1.0" encoding="UTF-8"?>
<testsuite xmlns:xsi="http://www.w3.org/2001/XMLSchema-instance" xsi:noNamespaceSchemaLocation="https://maven.apache.org/surefire/maven-surefire-plugin/xsd/surefire-test-report-3.0.xsd" version="3.0" name="com.test.Livros.Test_LeituraLivro" time="0.092" tests="5" errors="0" skipped="0" failures="0">
  <properties>
[...]
</properties>
  <testcase name="teste_localizarLivro" classname="com.test.Livros.Test_LeituraLivro" time="0.046">
    <system-out><![CDATA[Erro: java.io.FileNotFoundException: C:\Users\Teste\Documentos\Estudo\library\config.txt (O sistema não pode encontrar o caminho especificado)
]]></system-out>
  </testcase>
  <testcase name="teste_adicionarLivroNoConfig" classname="com.test.Livros.Test_LeituraLivro" time="0.003">
    <system-out><![CDATA[Erro: java.io.FileNotFoundException: C:\Users\Teste\Documentos\Estudo\library\config.txt (O sistema não pode encontrar o caminho especificado)
]]></system-out>
  </testcase>
  <testcase name="teste_CriarConfig" classname="com.test.Livros.Test_LeituraLivro" time="0.004">
    <system-out><![CDATA[Pasta já existe. Criando apenas arquivo config
Erro na criação da pasta: java.io.IOException: O sistema não pode encontrar o caminho especificado
]]></system-out>
  </testcase>
  <testcase name="teste_adicionarConfiguracaoNoConfig" classname="com.test.Livros.Test_LeituraLivro" time="0.003">
    <system-out><![CDATA[Erro: java.io.FileNotFoundException: C:\Users\Teste\Documentos\Estudo\library\config.txt (O sistema não pode encontrar o caminho especificado)
]]></system-out>
  </testcase>
  <testcase name="teste_acharPDFs" classname="com.test.Livros.Test_LeituraLivro" time="0.002"/>
</testsuite>